[35m[Appium][39m Welcome to Appium v1.17.1
[35m[Appium][39m Non-default server args:
[35m[Appium][39m   port: 61179
[35m[Appium][39m   loglevel: info
[35m[Appium][39m   tmpDir: C:\Users\User\AppData\Local\Temp\\Katalon\Appium\Temp1593438317390
[35m[Appium][39m   chromedriverPort: 61180
[35m[Appium][39m Deprecated server args:
[35m[Appium][39m   [31m--chromedriver-port[39m => --default-capabilities '{"chromedriverPort":61180}'
[35m[Appium][39m Default capabilities, which will be added to each request unless overridden by desired capabilities:
[35m[Appium][39m   chromedriverPort: 61180
[35m[Appium][39m Appium REST http interface listener started on 0.0.0.0:61179
[35m[HTTP][39m [37m-->[39m [37mGET[39m [37m/wd/hub/status[39m
[35m[HTTP][39m [90m{}[39m
[35m[HTTP][39m [37m<-- GET /wd/hub/status [39m[32m200[39m [90m34 ms - 68[39m
[35m[HTTP][39m [90m[39m
[35m[HTTP][39m [37m-->[39m [37mGET[39m [37m/wd/hub/status[39m
[35m[HTTP][39m [90m{}[39m
[35m[HTTP][39m [37m<-- GET /wd/hub/status [39m[32m200[39m [90m6 ms - 68[39m
[35m[HTTP][39m [90m[39m
[35m[HTTP][39m [37m-->[39m [37mPOST[39m [37m/wd/hub/session[39m
[35m[HTTP][39m [90m{"desiredCapabilities":{"app":"C:\\Users\\User\\Katalon Studio\\dompetku_android_automation\\apk\\app-dompetku.apk","noReset":true,"deviceName":"emulator-5554 (AOSP on IA Emulator - Android 9)","fullReset":false,"platform":"ANDROID","newCommandTimeout":1800,"platformVersion":"9","automationName":"uiautomator2","autoGrantPermissions":true,"platformName":"Android","udid":"emulator-5554","systemPort":61194},"capabilities":{"firstMatch":[{"appium:app":"C:\\Users\\User\\Katalon Studio\\dompetku_android_automation\\apk\\app-dompetku.apk","appium:autoGrantPermissions":true,"appium:automationName":"uiautomator2","appium:deviceName":"emulator-5554 (AOSP on IA Emulator - Android 9)","appium:fullReset":false,"appium:newCommandTimeout":1800,"appium:noReset":true,"platform":"ANDROID","platformName":"android","appium:platformVersion":"9","appium:systemPort":61194,"appium:udid":"emulator-5554"}]}}[39m
[35m[BaseDriver][39m The following capabilities are not standard capabilities and should have an extension prefix:
[35m[BaseDriver][39m   platform
[35m[BaseDriver][39m   chromedriverPort
[35m[Appium][39m Appium v1.17.1 creating new AndroidUiautomator2Driver (v1.44.2) session
[35m[BaseDriver][39m The following capabilities were provided, but are not recognized by Appium:
[35m[BaseDriver][39m   platform
[35m[BaseDriver][39m Session created with session id: 3178e272-b94f-4528-822a-012b5a6adaa4
[35m[BaseDriver][39m Using local app 'C:\Users\User\Katalon Studio\dompetku_android_automation\apk\app-dompetku.apk'
[35m[ADB][39m Found 1 'build-tools' folders under 'C:\Users\User\.katalon\tools\android_sdk' (newest first):
[35m[ADB][39m     C:/Users/User/.katalon/tools/android_sdk/build-tools/29.0.3
[35m[ADB][39m Using 'adb.exe' from 'C:\Users\User\.katalon\tools\android_sdk\platform-tools\adb.exe'
[35m[AndroidDriver][39m Retrieving device list
[35m[AndroidDriver][39m Using device: emulator-5554
[35m[ADB][39m Using 'adb.exe' from 'C:\Users\User\.katalon\tools\android_sdk\platform-tools\adb.exe'
[35m[ADB][39m Getting device platform version
[35m[UiAutomator2][39m Relaxing hidden api policy
[35m[ADB][39m Package name: 'com.example.wahidari.dompetku'
[35m[ADB][39m Main activity name: 'com.example.wahidari.dompetku.Splashscreen'
[35m[ADB][39m Cannot use apksigner tool for signature verification. Original error: Could not find 'apksigner.jar' in ["C:\\Users\\User\\.katalon\\tools\\android_sdk\\platform-tools\\apksigner.jar","C:\\Users\\User\\.katalon\\tools\\android_sdk\\emulator\\apksigner.jar","C:\\Users\\User\\.katalon\\tools\\android_sdk\\tools\\apksigner.jar","C:\\Users\\User\\.katalon\\tools\\android_sdk\\tools\\bin\\apksigner.jar","C:\\Users\\User\\.katalon\\tools\\android_sdk\\build-tools\\29.0.3\\apksigner.jar","C:\\Users\\User\\.katalon\\tools\\android_sdk\\build-tools\\29.0.3\\lib\\apksigner.jar"]. Do you have Android Build Tools installed at 'C:\Users\User\.katalon\tools\android_sdk'?
[35m[ADB][39m Cannot use apksigner tool for signature verification. Original error: Could not find 'apksigner.jar' in ["C:\\Users\\User\\.katalon\\tools\\android_sdk\\platform-tools\\apksigner.jar","C:\\Users\\User\\.katalon\\tools\\android_sdk\\emulator\\apksigner.jar","C:\\Users\\User\\.katalon\\tools\\android_sdk\\tools\\apksigner.jar","C:\\Users\\User\\.katalon\\tools\\android_sdk\\tools\\bin\\apksigner.jar","C:\\Users\\User\\.katalon\\tools\\android_sdk\\build-tools\\29.0.3\\apksigner.jar","C:\\Users\\User\\.katalon\\tools\\android_sdk\\build-tools\\29.0.3\\lib\\apksigner.jar"]. Do you have Android Build Tools installed at 'C:\Users\User\.katalon\tools\android_sdk'?
[35m[UiAutomator2][39m Server packages are not going to be (re)installed
[35m[ADB][39m Cannot use apksigner tool for signature verification. Original error: Could not find 'apksigner.jar' in ["C:\\Users\\User\\.katalon\\tools\\android_sdk\\platform-tools\\apksigner.jar","C:\\Users\\User\\.katalon\\tools\\android_sdk\\emulator\\apksigner.jar","C:\\Users\\User\\.katalon\\tools\\android_sdk\\tools\\apksigner.jar","C:\\Users\\User\\.katalon\\tools\\android_sdk\\tools\\bin\\apksigner.jar","C:\\Users\\User\\.katalon\\tools\\android_sdk\\build-tools\\29.0.3\\apksigner.jar","C:\\Users\\User\\.katalon\\tools\\android_sdk\\build-tools\\29.0.3\\lib\\apksigner.jar"]. Do you have Android Build Tools installed at 'C:\Users\User\.katalon\tools\android_sdk'?
[35m[ADB][39m The application at 'C:\Users\User\Katalon Studio\dompetku_android_automation\apk\app-dompetku.apk' will not be cached, because the device under test has confirmed the support of streamed installs
[35m[ADB][39m The installation of 'app-dompetku.apk' took 1930ms
[35m[UiAutomator2][39m Starting UIAutomator2 server 4.5.5
[35m[UiAutomator2][39m Using UIAutomator2 server from 'C:\Users\User\AppData\Roaming\npm\node_modules\appium\node_modules\appium-uiautomator2-server\apks\appium-uiautomator2-server-v4.5.5.apk' and test from 'C:\Users\User\AppData\Roaming\npm\node_modules\appium\node_modules\appium-uiautomator2-server\apks\appium-uiautomator2-server-debug-androidTest.apk'
[35m[UiAutomator2][39m Waiting up to 30000ms for UiAutomator2 to be online...
[35m[WD Proxy][39m Got response with unknown status: {"code":"ECONNRESET"}
[35m[WD Proxy][39m Got response with unknown status: {"code":"ECONNRESET"}
[35m[WD Proxy][39m Got response with unknown status: {"code":"ECONNRESET"}
[35m[WD Proxy][39m Got response with unknown status: {"code":"ECONNRESET"}
[35m[WD Proxy][39m Determined the downstream protocol as 'W3C'
[35m[AndroidDriver][39m Screen already unlocked, doing nothing
[35m[UiAutomator2][39m Starting 'com.example.wahidari.dompetku/com.example.wahidari.dompetku.Splashscreen and waiting for 'com.example.wahidari.dompetku/com.example.wahidari.dompetku.Splashscreen'
[35m[UiAutomator2][39m Restoring hidden api policy to the device default configuration
[35m[HTTP][39m [37m<-- POST /wd/hub/session [39m[31m500[39m [90m46500 ms - 1511[39m
[35m[HTTP][39m [90m[39m
